#
# There is insufficient memory for the Java Runtime Environment to continue.
# Native memory allocation (malloc) failed to allocate 1048576 bytes. Error detail: AllocateHeap
# Possible reasons:
#   The system is out of physical RAM or swap space
#   This process is running with CompressedOops enabled, and the Java Heap may be blocking the growth of the native heap
# Possible solutions:
#   Reduce memory load on the system
#   Increase physical memory or swap space
#   Check if swap backing store is full
#   Decrease Java heap size (-Xmx/-Xms)
#   Decrease number of Java threads
#   Decrease Java thread stack sizes (-Xss)
#   Set larger code cache with -XX:ReservedCodeCacheSize=
#   JVM is running with Zero Based Compressed Oops mode in which the Java heap is
#     placed in the first 32GB address space. The Java Heap base address is the
#     maximum limit for the native heap growth. Please use -XX:HeapBaseMinAddress
#     to set the Java Heap base and to place the Java Heap above 32GB virtual address.
# This output file may be truncated or incomplete.
#
#  Out of Memory Error (allocation.cpp:42), pid=15736, tid=8884
#
# JRE version: Java(TM) SE Runtime Environment (25.0.3+9) (build 25.0.3+9-LTS-195)
# Java VM: Java HotSpot(TM) 64-Bit Server VM (25.0.3+9-LTS-195, mixed mode, emulated-client, sharing, tiered, compressed oops, compressed class ptrs, g1 gc, windows-amd64)
# No core dump will be written. Minidumps are not enabled by default on client versions of Windows
#

---------------  S U M M A R Y ------------

Command Line: -XX:TieredStopAtLevel=1 -Dspring.output.ansi.enabled=always -Dcom.sun.management.jmxremote -Dspring.jmx.enabled=true -Dspring.liveBeansView.mbeanDomain -Dspring.application.admin.enabled=true -Dmanagement.endpoints.jmx.exposure.include=* -javaagent:C:\Users\MSI-PC\AppData\Local\Programs\IntelliJ IDEA Community Edition\lib\idea_rt.jar=54799 -Dfile.encoding=UTF-8 -Dsun.stdout.encoding=UTF-8 -Dsun.stderr.encoding=UTF-8 co.istad.roth.ecommerce.Ite3rdEcommerceApplication

Host: 13th Gen Intel(R) Core(TM) i7-13620H, 16 cores, 15G,  Windows 11 , 64 bit Build 26100 (10.0.26100.8521)
Time: Wed Jun  3 18:38:24 2026 SE Asia Standard Time elapsed time: 12057.032759 seconds (0d 3h 20m 57s)

---------------  T H R E A D  ---------------

Current thread (0x0000020d2d30bcf0):  VMThread "VM Thread"          [id=8884, stack(0x000000f172200000,0x000000f172300000) (1024K)]

Stack: [0x000000f172200000,0x000000f172300000]
Native frames: (J=compiled Java code, j=interpreted, Vv=VM code, C=native code)
V  [jvm.dll+0x7a7d69]  (no source info available)
V  [jvm.dll+0x7739dd]  (no source info available)
V  [jvm.dll+0x9669f3]  (no source info available)
V  [jvm.dll+0x968ff1]  (no source info available)
V  [jvm.dll+0x969703]  (no source info available)
V  [jvm.dll+0x2fc9e6]  (no source info available)
V  [jvm.dll+0xf7607]  (no source info available)
V  [jvm.dll+0x3dec0e]  (no source info available)
V  [jvm.dll+0x3d9a59]  (no source info available)
V  [jvm.dll+0x3bfeb5]  (no source info available)
V  [jvm.dll+0x40b83f]  (no source info available)
V  [jvm.dll+0x96f961]  (no source info available)
V  [jvm.dll+0x970c7d]  (no source info available)
V  [jvm.dll+0x9711f9]  (no source info available)
V  [jvm.dll+0x9714a3]  (no source info available)
V  [jvm.dll+0x907c6d]  (no source info available)
V  [jvm.dll+0x7a6345]  (no source info available)
C  [ucrtbase.dll+0x2cd30]  (no source info available)
C  [KERNEL32.DLL+0x2e957]  (no source info available)
C  [ntdll.dll+0x87c1c]  (no source info available)

VM_Operation (0x000000f172aff5b0): G1CollectFull, mode: safepoint, requested by thread 0x0000020d322213f0


---------------  P R O C E S S  ---------------

Threads class SMR info:
_java_thread_list=0x0000020d32680d90, length=20, elements={
0x0000020d2d31c1c0, 0x0000020d2d31c980, 0x0000020d2d31f6b0, 0x0000020d2d321500,
0x0000020d2d3243a0, 0x0000020d2d3251f0, 0x0000020d2d326040, 0x0000020d2dd30880,
0x0000020d321ec4d0, 0x0000020d321f45d0, 0x0000020d32820f80, 0x0000020d328b6ac0,
0x0000020d337e9cb0, 0x0000020d34ba7310, 0x0000020d324ee8d0, 0x0000020d324ec990,
0x0000020d324ed160, 0x0000020d324f2f20, 0x0000020d324f36f0, 0x0000020d322213f0
}

Java Threads: ( => current thread )
  0x0000020d2d31c1c0 JavaThread "Reference Handler"          daemon [_thread_blocked, id=8816, stack(0x000000f172300000,0x000000f172400000) (1024K)]
  0x0000020d2d31c980 JavaThread "Finalizer"                  daemon [_thread_blocked, id=3236, stack(0x000000f172400000,0x000000f172500000) (1024K)]
  0x0000020d2d31f6b0 JavaThread "Signal Dispatcher"          daemon [_thread_blocked, id=15432, stack(0x000000f172500000,0x000000f172600000) (1024K)]
  0x0000020d2d321500 JavaThread "Attach Listener"            daemon [_thread_blocked, id=10128, stack(0x000000f172600000,0x000000f172700000) (1024K)]
  0x0000020d2d3243a0 JavaThread "Service Thread"             daemon [_thread_blocked, id=18884, stack(0x000000f172700000,0x000000f172800000) (1024K)]
  0x0000020d2d3251f0 JavaThread "Monitor Deflation Thread"   daemon [_thread_blocked, id=9192, stack(0x000000f172800000,0x000000f172900000) (1024K)]
  0x0000020d2d326040 JavaThread "C1 CompilerThread0"         daemon [_thread_blocked, id=4384, stack(0x000000f172900000,0x000000f172a00000) (1024K)]
  0x0000020d2dd30880 JavaThread "Common-Cleaner"             daemon [_thread_blocked, id=24340, stack(0x000000f172c00000,0x000000f172d00000) (1024K)]
  0x0000020d321ec4d0 JavaThread "Monitor Ctrl-Break"         daemon [_thread_in_native, id=21516, stack(0x000000f172d00000,0x000000f172e00000) (1024K)]
  0x0000020d321f45d0 JavaThread "Notification Thread"        daemon [_thread_blocked, id=12824, stack(0x000000f172e00000,0x000000f172f00000) (1024K)]
  0x0000020d32820f80 JavaThread "RMI TCP Accept-0"           daemon [_thread_in_native, id=17012, stack(0x000000f173000000,0x000000f173100000) (1024K)]
  0x0000020d328b6ac0 JavaThread "RMI Scheduler(0)"           daemon [_thread_blocked, id=12864, stack(0x000000f173200000,0x000000f173300000) (1024K)]
  0x0000020d337e9cb0 JavaThread "Cleaner-0"                  daemon [_thread_blocked, id=1060, stack(0x000000f174a00000,0x000000f174b00000) (1024K)]
  0x0000020d34ba7310 JavaThread "DestroyJavaVM"                     [_thread_blocked, id=7240, stack(0x000000f171b00000,0x000000f171c00000) (1024K)]
  0x0000020d324ee8d0 JavaThread "JMX server connection timeout 188" daemon [_thread_blocked, id=15604, stack(0x000000f171800000,0x000000f171900000) (1024K)]
  0x0000020d324ec990 JavaThread "RMI TCP Connection(idle)"   daemon [_thread_blocked, id=15560, stack(0x000000f171a00000,0x000000f171b00000) (1024K)]
  0x0000020d324ed160 JavaThread "RMI TCP Connection(20)-192.168.1.7" daemon [_thread_in_native, id=50892, stack(0x000000f171900000,0x000000f171a00000) (1024K)]
  0x0000020d324f2f20 JavaThread "Catalina-utility-1"                [_thread_blocked, id=63948, stack(0x000000f173300000,0x000000f173400000) (1024K)]
  0x0000020d324f36f0 JavaThread "Catalina-utility-2"                [_thread_blocked, id=63952, stack(0x000000f173400000,0x000000f173500000) (1024K)]
  0x0000020d322213f0 JavaThread "Thread-9"                          [_thread_blocked, id=41996, stack(0x000000f172a00000,0x000000f172b00000) (1024K)]
Total: 20

Other Threads:
=>0x0000020d2d30bcf0 VMThread "VM Thread"                           [id=8884, stack(0x000000f172200000,0x000000f172300000) (1024K)]
  0x0000020d2d2fc040 WatcherThread "VM Periodic Task Thread"        [id=5124, stack(0x000000f172100000,0x000000f172200000) (1024K)]
  0x0000020d19d03330 WorkerThread "GC Thread#0"                     [id=12480, stack(0x000000f171c00000,0x000000f171d00000) (1024K)]
  0x0000020d32cab850 WorkerThread "GC Thread#1"                     [id=9840, stack(0x000000f173600000,0x000000f173700000) (1024K)]
  0x0000020d32cab400 WorkerThread "GC Thread#2"                     [id=15980, stack(0x000000f173700000,0x000000f173800000) (1024K)]
  0x0000020d32caa710 WorkerThread "GC Thread#3"                     [id=13660, stack(0x000000f173800000,0x000000f173900000) (1024K)]
  0x0000020d32cabca0 WorkerThread "GC Thread#4"                     [id=8832, stack(0x000000f173900000,0x000000f173a00000) (1024K)]
  0x0000020d32caab60 WorkerThread "GC Thread#5"                     [id=10016, stack(0x000000f173a00000,0x000000f173b00000) (1024K)]
  0x0000020d32ca9180 WorkerThread "GC Thread#6"                     [id=18768, stack(0x000000f173b00000,0x000000f173c00000) (1024K)]
  0x0000020d32ca8490 WorkerThread "GC Thread#7"                     [id=11964, stack(0x000000f173c00000,0x000000f173d00000) (1024K)]
  0x0000020d336dfcd0 WorkerThread "GC Thread#8"                     [id=3164, stack(0x000000f174100000,0x000000f174200000) (1024K)]
  0x0000020d336e0120 WorkerThread "GC Thread#9"                     [id=8036, stack(0x000000f174200000,0x000000f174300000) (1024K)]
  0x0000020d336e1f50 WorkerThread "GC Thread#10"                    [id=23824, stack(0x000000f174300000,0x000000f174400000) (1024K)]
  0x0000020d336df430 WorkerThread "GC Thread#11"                    [id=22040, stack(0x000000f174400000,0x000000f174500000) (1024K)]
  0x0000020d336e0e10 WorkerThread "GC Thread#12"                    [id=18000, stack(0x000000f174500000,0x000000f174600000) (1024K)]
  0x0000020d19d1c510 ConcurrentGCThread "G1 Main Marker"            [id=3508, stack(0x000000f171d00000,0x000000f171e00000) (1024K)]
  0x0000020d19d1dfa0 WorkerThread "G1 Conc#0"                       [id=4020, stack(0x000000f171e00000,0x000000f171f00000) (1024K)]
  0x0000020d336e1260 WorkerThread "G1 Conc#1"                       [id=23092, stack(0x000000f174600000,0x000000f174700000) (1024K)]
  0x0000020d336e27f0 WorkerThread "G1 Conc#2"                       [id=22232, stack(0x000000f174700000,0x000000f174800000) (1024K)]
  0x0000020d2d1be0e0 ConcurrentGCThread "G1 Refine#0"               [id=7720, stack(0x000000f171f00000,0x000000f172000000) (1024K)]
  0x0000020d2d1becf0 ConcurrentGCThread "G1 Service"                [id=14828, stack(0x000000f172000000,0x000000f172100000) (1024K)]
Total: 21

Threads with active compile tasks:
Total: 0

VM state: at safepoint (normal execution)

VM Mutex/Monitor currently owned by a thread:  ([mutex/lock_event])
[0x00007ffe4384a608] Threads_lock - owner thread: 0x0000020d2d30bcf0
[0x00007ffe4384a788] Heap_lock - owner thread: 0x0000020d322213f0

Heap address: 0x0000000704a00000, size: 4022 MB, Compressed Oops mode: Zero based, Oop shift amount: 3

CDS archive(s) mapped at: [0x0000000085000000-0x0000000085dd0000-0x0000000085dd0000), size 14483456, SharedBaseAddress: 0x0000000085000000, ArchiveRelocationMode: 1.
Compressed class space mapped at: 0x0000000086000000-0x00000000c6000000, reserved size: 1073741824
UseCompressedClassPointers 1, UseCompactObjectHeaders 0
Narrow klass pointer bits 32, Max shift 3
Narrow klass base: 0x0000000085000000, Narrow klass shift: 0
Encoding Range: [0x0000000085000000 - 0x0000000185000000), (4294967296 bytes)
Klass Range:    [0x0000000085010000 - 0x00000000c6000000), (1090453504 bytes)
Klass ID Range:  [65536 - 1090519033) (1090453497)
Protection zone: [0x0000000085000000 - 0x0000000085010000), (65536 bytes)

GC Precious Log:
 CardTable entry size: 512
 Card Set container configuration: InlinePtr #cards 4 size 8 Array Of Cards #cards 16 size 48 Howl #buckets 8 coarsen threshold 3686 Howl Bitmap #cards 512 size 80 coarsen threshold 460 Card regions per heap region 1 cards per card region 4096
 CPUs: 16 total, 16 available
 Memory: 16087M
 Large Page Support: Disabled
 NUMA Support: Disabled
 Compressed Oops: Enabled (Zero based)
 Heap Region Size: 2M
 Heap Min Capacity: 8M
 Heap Initial Capacity: 252M
 Heap Max Capacity: 4022M
 Pre-touch: Disabled
 Parallel Workers: 13
 Concurrent Workers: 3
 Concurrent Refinement Workers: 13
 Periodic GC: Disabled

Heap:
 garbage-first heap   total reserved 4118528K, committed 77824K, used 46186K [0x0000000704a00000, 0x0000000800000000)
  region size 2048K, 13 young (26624K), 3 survivors (6144K)

Heap Regions: E=young(eden), S=young(survivor), O=old, HS=humongous(starts), HC=humongous(continues), CS=collection set, F=free, TAMS=top-at-mark-start, PB=parsable bottom
|   0|0x0000000704a00000, 0x0000000704c00000, 0x0000000704c00000|100%| O|  |TAMS 0x0000000704a00000| PB 0x0000000704a00000| Untracked |  0
|   1|0x0000000704c00000, 0x0000000704dfffb8, 0x0000000704e00000| 99%| O|  |TAMS 0x0000000704c00000| PB 0x0000000704c00000| Untracked |  0
|   2|0x0000000704e00000, 0x0000000704f82ba8, 0x0000000705000000| 75%| O|  |TAMS 0x0000000704e00000| PB 0x0000000704e00000| Untracked |  0
|   3|0x0000000705000000, 0x00000007051ffff0, 0x0000000705200000| 99%| O|  |TAMS 0x0000000705000000| PB 0x0000000705000000| Untracked |  0
|   4|0x0000000705200000, 0x00000007053ffff8, 0x0000000705400000| 99%| O|  |TAMS 0x0000000705200000| PB 0x0000000705200000| Untracked |  0
|   5|0x0000000705400000, 0x00000007055ffff8, 0x0000000705600000| 99%| O|  |TAMS 0x0000000705400000| PB 0x0000000705400000| Untracked |  0
|   6|0x0000000705600000, 0x00000007057fffe0, 0x0000000705800000| 99%| O|  |TAMS 0x0000000705600000| PB 0x0000000705600000| Untracked |  0
|   7|0x0000000705800000, 0x00000007059ffff0, 0x0000000705a00000| 99%| O|  |TAMS 0x0000000705800000| PB 0x0000000705800000| Untracked |  0
|   8|0x0000000705a00000, 0x0000000705bffff8, 0x0000000705c00000| 99%| O|  |TAMS 0x0000000705a00000| PB 0x0000000705a00000| Untracked |  0
|   9|0x0000000705c00000, 0x0000000705d73670, 0x0000000705e00000| 72%| O|  |TAMS 0x0000000705c00000| PB 0x0000000705c00000| Untracked |  0
|  10|0x0000000705e00000, 0x0000000705ffffc0, 0x0000000706000000| 99%| O|  |TAMS 0x0000000705e00000| PB 0x0000000705e00000| Untracked |  0
|  11|0x0000000706000000, 0x0000000706200000, 0x0000000706200000|100%| S|CS|TAMS 0x0000000706000000| PB 0x0000000706000000| Complete |  0
|  12|0x0000000706200000, 0x000000070621f058, 0x0000000706400000|  6%| O|  |TAMS 0x0000000706200000| PB 0x0000000706200000| Untracked |  0
|  13|0x0000000706400000, 0x0000000706600000, 0x0000000706600000|100%| S|CS|TAMS 0x0000000706400000| PB 0x0000000706400000| Complete |  0
|  14|0x0000000706600000, 0x0000000706800000, 0x0000000706800000|100%| S|CS|TAMS 0x0000000706600000| PB 0x0000000706600000| Complete |  0
|  15|0x0000000706800000, 0x0000000706800000, 0x0000000706a00000|  0%| F|  |TAMS 0x0000000706800000| PB 0x0000000706800000| Untracked |  0
|  16|0x0000000706a00000, 0x0000000706a00000, 0x0000000706c00000|  0%| F|  |TAMS 0x0000000706a00000| PB 0x0000000706a00000| Untracked |  0
|  17|0x0000000706c00000, 0x0000000706c00000, 0x0000000706e00000|  0%| F|  |TAMS 0x0000000706c00000| PB 0x0000000706c00000| Untracked |  0
|  18|0x0000000706e00000, 0x0000000706e00000, 0x0000000707000000|  0%| F|  |TAMS 0x0000000706e00000| PB 0x0000000706e00000| Untracked |  0
|  19|0x0000000707000000, 0x0000000707000000, 0x0000000707200000|  0%| F|  |TAMS 0x0000000707000000| PB 0x0000000707000000| Untracked |  0
|  20|0x0000000707200000, 0x0000000707200000, 0x0000000707400000|  0%| F|  |TAMS 0x0000000707200000| PB 0x0000000707200000| Untracked |  0
|  21|0x0000000707400000, 0x0000000707400000, 0x0000000707600000|  0%| F|  |TAMS 0x0000000707400000| PB 0x0000000707400000| Untracked |  0
|  22|0x0000000707600000, 0x0000000707600000, 0x0000000707800000|  0%| F|  |TAMS 0x0000000707600000| PB 0x0000000707600000| Untracked |  0
|  23|0x0000000707800000, 0x0000000707800000, 0x0000000707a00000|  0%| F|  |TAMS 0x0000000707800000| PB 0x0000000707800000| Untracked |  0
|  24|0x0000000707a00000, 0x0000000707a00000, 0x0000000707c00000|  0%| F|  |TAMS 0x0000000707a00000| PB 0x0000000707a00000| Untracked |  0
|  25|0x0000000707c00000, 0x0000000707c00000, 0x0000000707e00000|  0%| F|  |TAMS 0x0000000707c00000| PB 0x0000000707c00000| Untracked |  0
|  26|0x0000000707e00000, 0x0000000707e00000, 0x0000000708000000|  0%| F|  |TAMS 0x0000000707e00000| PB 0x0000000707e00000| Untracked |  0
|  27|0x0000000708000000, 0x0000000708009bb8, 0x0000000708200000|  1%| E|  |TAMS 0x0000000708000000| PB 0x0000000708000000| Complete |  0
|  28|0x0000000708200000, 0x0000000708400000, 0x0000000708400000|100%| E|CS|TAMS 0x0000000708200000| PB 0x0000000708200000| Complete |  0
|  93|0x0000000710400000, 0x0000000710600000, 0x0000000710600000|100%| E|CS|TAMS 0x0000000710400000| PB 0x0000000710400000| Complete |  0
|  94|0x0000000710600000, 0x0000000710800000, 0x0000000710800000|100%| E|CS|TAMS 0x0000000710600000| PB 0x0000000710600000| Complete |  0
|  95|0x0000000710800000, 0x0000000710a00000, 0x0000000710a00000|100%| E|CS|TAMS 0x0000000710800000| PB 0x0000000710800000| Complete |  0
|  96|0x0000000710a00000, 0x0000000710c00000, 0x0000000710c00000|100%| E|CS|TAMS 0x0000000710a00000| PB 0x0000000710a00000| Complete |  0
|  97|0x0000000710c00000, 0x0000000710e00000, 0x0000000710e00000|100%| E|CS|TAMS 0x0000000710c00000| PB 0x0000000710c00000| Complete |  0
|  98|0x0000000710e00000, 0x0000000711000000, 0x0000000711000000|100%| E|CS|TAMS 0x0000000710e00000| PB 0x0000000710e00000| Complete |  0
| 125|0x0000000714400000, 0x0000000714600000, 0x0000000714600000|100%| E|CS|TAMS 0x0000000714400000| PB 0x0000000714400000| Complete |  0
|2009|0x00000007ffc00000, 0x00000007ffc05670, 0x00000007ffe00000|  1%| O|  |TAMS 0x00000007ffc00000| PB 0x00000007ffc00000| Untracked |  0
|2010|0x00000007ffe00000, 0x0000000800000000, 0x0000000800000000|100%| E|CS|TAMS 0x00000007ffe00000| PB 0x00000007ffe00000| Complete |  0

Card table byte_map: [0x0000020d26490000,0x0000020d26c70000] _byte_map_base: 0x0000020d22c6b000

Marking Bits: (CMBitMap*) 0x0000020d19d042d0
 Bits: [0x0000020d26c70000, 0x0000020d2ab48000)

Polling page: 0x0000020d17920000

Metaspace:
Metaspace        used 61614K, committed 62272K, reserved 1114112K
 class space     used 9369K, committed 9664K, reserved 1048576K

Usage:
  Non-class:     51.02 MB used.
      Class:      9.15 MB used.
       Both:     60.17 MB used.

Virtual space:
  Non-class space:       64.00 MB reserved,      51.38 MB ( 80%) committed,  1 nodes.
      Class space:        1.00 GB reserved,       9.44 MB ( <1%) committed,  1 nodes.
             Both:        1.06 GB reserved,      60.81 MB (  6%) committed. 

Chunk freelists:
   Non-Class:  12.40 MB
       Class:  6.54 MB
        Both:  18.95 MB

MaxMetaspaceSize: unlimited
CompressedClassSpaceSize: 1.00 GB
Initial GC threshold: 21.00 MB
Current GC threshold: 101.19 MB
CDS: on
 - commit_granule_bytes: 65536.
 - commit_granule_words: 8192.
 - virtual_space_node_default_size: 8388608.
 - enlarge_chunks_in_place: 1.
UseCompressedClassPointers 1, UseCompactObjectHeaders 0
Narrow klass pointer bits 32, Max shift 3
Narrow klass base: 0x0000000085000000, Narrow klass shift: 0
Encoding Range: [0x0000000085000000 - 0x0000000185000000), (4294967296 bytes)
Klass Range:    [0x0000000085010000 - 0x00000000c6000000), (1090453504 bytes)
Klass ID Range:  [65536 - 1090519033) (1090453497)
Protection zone: [0x0000000085000000 - 0x0000000085010000), (65536 bytes)


Internal statistics:

num_allocs_failed_limit: 9.
num_arena_births: 1176.
num_arena_deaths: 422.
num_vsnodes_births: 2.
num_vsnodes_deaths: 0.
num_space_committed: 973.
num_space_uncommitted: 0.
num_chunks_returned_to_freelist: 452.
num_chunks_taken_from_freelist: 3426.
num_chunk_merges: 126.
num_chunk_splits: 2399.
num_chunks_enlarged: 1924.
num_inconsistent_stats: 0.

CodeCache: size=49152Kb used=10229Kb max_used=11241Kb free=38922Kb
 bounds [0x0000020d22520000, 0x0000020d23040000, 0x0000020d25520000]
 total_blobs=8457, nmethods=7764, adapters=616, full_count=0
Compilation: enabled, stopped_count=0, restarted_count=0

Compilation events (20 events):
Event: 12054.654 Thread 0x0000020d2d326040 7858       1       java.time.temporal.ChronoField::checkValidValue (10 bytes)
Event: 12054.655 Thread 0x0000020d2d326040 nmethod 7858 0x0000020d22837688 code [0x0000020d22837780, 0x0000020d22837970]
Event: 12054.655 Thread 0x0000020d2d326040 7859       1       java.time.temporal.ValueRange::checkValidValue (24 bytes)
Event: 12054.655 Thread 0x0000020d2d326040 nmethod 7859 0x0000020d22bc7608 code [0x0000020d22bc7700, 0x0000020d22bc78e0]
Event: 12054.940 Thread 0x0000020d2d326040 7860       1       java.lang.Math::toIntExact (21 bytes)
Event: 12054.941 Thread 0x0000020d2d326040 nmethod 7860 0x0000020d22bc7308 code [0x0000020d22bc7400, 0x0000020d22bc7540]
Event: 12054.969 Thread 0x0000020d2d326040 7861   !   1       org.hibernate.internal.util.collections.BoundedConcurrentHashMap$Segment::clear (60 bytes)
Event: 12054.970 Thread 0x0000020d2d326040 nmethod 7861 0x0000020d22bc6d88 code [0x0000020d22bc6e80, 0x0000020d22bc72a8]
Event: 12054.970 Thread 0x0000020d2d326040 7862   !   1       org.springframework.beans.factory.support.DefaultSingletonBeanRegistry::destroyBean (349 bytes)
Event: 12054.973 Thread 0x0000020d2d326040 nmethod 7862 0x0000020d22bc5e88 code [0x0000020d22bc5f80, 0x0000020d22bc6d68]
Event: 12054.973 Thread 0x0000020d2d326040 7863       1       java.util.concurrent.FutureTask::finishCompletion (71 bytes)
Event: 12054.974 Thread 0x0000020d2d326040 nmethod 7863 0x0000020d22bc5888 code [0x0000020d22bc5980, 0x0000020d22bc5e18]
Event: 12054.974 Thread 0x0000020d2d326040 7864       1       java.util.concurrent.FutureTask::done (1 bytes)
Event: 12054.974 Thread 0x0000020d2d326040 nmethod 7864 0x0000020d22bc5588 code [0x0000020d22bc5680, 0x0000020d22bc5740]
Event: 12055.983 Thread 0x0000020d2d326040 7865       1       org.apache.tomcat.util.collections.ManagedConcurrentWeakHashMap$Key::hashCode (5 bytes)
Event: 12055.983 Thread 0x0000020d2d326040 nmethod 7865 0x0000020d22bc5288 code [0x0000020d22bc5380, 0x0000020d22bc5448]
Event: 12055.996 Thread 0x0000020d2d326040 7866       1       java.lang.Thread::isTerminated (16 bytes)
Event: 12055.997 Thread 0x0000020d2d326040 nmethod 7866 0x0000020d22bc4f88 code [0x0000020d22bc5080, 0x0000020d22bc5188]
Event: 12055.997 Thread 0x0000020d2d326040 7867       1       java.lang.Thread::getThreadGroup (30 bytes)
Event: 12055.997 Thread 0x0000020d2d326040 nmethod 7867 0x0000020d22bc4c88 code [0x0000020d22bc4d80, 0x0000020d22bc4f80]

GC Heap Usage History (20 events):
Event: 860.505 {heap After GC invocations=14 (full 1):
 garbage-first heap   total reserved 4118528K, committed 75776K, used 21602K [0x0000000704a00000, 0x0000000800000000)
  region size 2048K, 0 young (0K), 0 survivors (0K)
}
Event: 860.710 {heap Before GC invocations=14 (full 1):
 garbage-first heap   total reserved 4118528K, committed 75776K, used 60514K [0x0000000704a00000, 0x0000000800000000)
  region size 2048K, 20 young (40960K), 0 survivors (0K)
}
Event: 860.712 {heap After GC invocations=15 (full 1):
 garbage-first heap   total reserved 4118528K, committed 75776K, used 27746K [0x0000000704a00000, 0x0000000800000000)
  region size 2048K, 3 young (6144K), 3 survivors (6144K)
}
Event: 3574.812 {heap Before GC invocations=15 (full 1):
 garbage-first heap   total reserved 4118528K, committed 75776K, used 62562K [0x0000000704a00000, 0x0000000800000000)
  region size 2048K, 21 young (43008K), 3 survivors (6144K)
}
Event: 3574.837 {heap After GC invocations=16 (full 1):
 garbage-first heap   total reserved 4118528K, committed 75776K, used 29506K [0x0000000704a00000, 0x0000000800000000)
  region size 2048K, 2 young (4096K), 2 survivors (4096K)
}
Event: 4605.680 {heap Before GC invocations=16 (full 1):
 garbage-first heap   total reserved 4118528K, committed 75776K, used 62274K [0x0000000704a00000, 0x0000000800000000)
  region size 2048K, 18 young (36864K), 2 survivors (4096K)
}
Event: 4605.702 {heap After GC invocations=17 (full 1):
 garbage-first heap   total reserved 4118528K, committed 75776K, used 28843K [0x0000000704a00000, 0x0000000800000000)
  region size 2048K, 2 young (4096K), 2 survivors (4096K)
}
Event: 5594.819 {heap Before GC invocations=17 (full 1):
 garbage-first heap   total reserved 4118528K, committed 75776K, used 63659K [0x0000000704a00000, 0x0000000800000000)
  region size 2048K, 19 young (38912K), 2 survivors (4096K)
}
Event: 5594.836 {heap After GC invocations=18 (full 1):
 garbage-first heap   total reserved 4118528K, committed 75776K, used 28890K [0x0000000704a00000, 0x0000000800000000)
  region size 2048K, 2 young (4096K), 2 survivors (4096K)
}
Event: 6728.412 {heap Before GC invocations=18 (full 1):
 garbage-first heap   total reserved 4118528K, committed 75776K, used 63706K [0x0000000704a00000, 0x0000000800000000)
  region size 2048K, 19 young (38912K), 2 survivors (4096K)
}
Event: 6728.425 {heap After GC invocations=19 (full 1):
 garbage-first heap   total reserved 4118528K, committed 75776K, used 28791K [0x0000000704a00000, 0x0000000800000000)
  region size 2048K, 2 young (4096K), 2 survivors (4096K)
}
Event: 7892.771 {heap Before GC invocations=19 (full 1):
 garbage-first heap   total reserved 4118528K, committed 75776K, used 65655K [0x0000000704a00000, 0x0000000800000000)
  region size 2048K, 20 young (40960K), 2 survivors (4096K)
}
Event: 7892.790 {heap After GC invocations=20 (full 1):
 garbage-first heap   total reserved 4118528K, committed 75776K, used 28774K [0x0000000704a00000, 0x0000000800000000)
  region size 2048K, 2 young (4096K), 2 survivors (4096K)
}
Event: 10869.561 {heap Before GC invocations=20 (full 1):
 garbage-first heap   total reserved 4118528K, committed 75776K, used 65638K [0x0000000704a00000, 0x0000000800000000)
  region size 2048K, 20 young (40960K), 2 survivors (4096K)
}
Event: 10869.581 {heap After GC invocations=21 (full 1):
 garbage-first heap   total reserved 4118528K, committed 75776K, used 28660K [0x0000000704a00000, 0x0000000800000000)
  region size 2048K, 2 young (4096K), 2 survivors (4096K)
}
Event: 12036.166 {heap Before GC invocations=21 (full 1):
 garbage-first heap   total reserved 4118528K, committed 75776K, used 61428K [0x0000000704a00000, 0x0000000800000000)
  region size 2048K, 19 young (38912K), 2 survivors (4096K)
}
Event: 12039.131 {heap After GC invocations=22 (full 2):
 garbage-first heap   total reserved 4118528K, committed 75776K, used 21588K [0x0000000704a00000, 0x0000000800000000)
  region size 2048K, 0 young (0K), 0 survivors (0K)
}
Event: 12050.668 {heap Before GC invocations=22 (full 2):
 garbage-first heap   total reserved 4118528K, committed 75776K, used 64596K [0x0000000704a00000, 0x0000000800000000)
  region size 2048K, 22 young (45056K), 0 survivors (0K)
}
Event: 12050.699 {heap After GC invocations=23 (full 2):
 garbage-first heap   total reserved 4118528K, committed 77824K, used 27754K [0x0000000704a00000, 0x0000000800000000)
  region size 2048K, 3 young (6144K), 3 survivors (6144K)
}
Event: 12056.002 {heap Before GC invocations=23 (full 2):
 garbage-first heap   total reserved 4118528K, committed 77824K, used 46186K [0x0000000704a00000, 0x0000000800000000)
  region size 2048K, 13 young (26624K), 3 survivors (6144K)
}

Metaspace Usage History (20 events):
Event: 860.505 {metaspace After GC invocations=14 (full 1):
 Metaspace       used 61132K, committed 61952K, reserved 1114112K
  class space    used 9286K, committed 9600K, reserved 1048576K
}
Event: 860.710 {metaspace Before GC invocations=14 (full 1):
 Metaspace       used 61258K, committed 61952K, reserved 1114112K
  class space    used 9321K, committed 9600K, reserved 1048576K
}
Event: 860.712 {metaspace After GC invocations=15 (full 1):
 Metaspace       used 61258K, committed 61952K, reserved 1114112K
  class space    used 9321K, committed 9600K, reserved 1048576K
}
Event: 3574.812 {metaspace Before GC invocations=15 (full 1):
 Metaspace       used 61464K, committed 62144K, reserved 1114112K
  class space    used 9355K, committed 9664K, reserved 1048576K
}
Event: 3574.837 {metaspace After GC invocations=16 (full 1):
 Metaspace       used 61464K, committed 62144K, reserved 1114112K
  class space    used 9355K, committed 9664K, reserved 1048576K
}
Event: 4605.680 {metaspace Before GC invocations=16 (full 1):
 Metaspace       used 61471K, committed 62144K, reserved 1114112K
  class space    used 9357K, committed 9664K, reserved 1048576K
}
Event: 4605.702 {metaspace After GC invocations=17 (full 1):
 Metaspace       used 61471K, committed 62144K, reserved 1114112K
  class space    used 9357K, committed 9664K, reserved 1048576K
}
Event: 5594.819 {metaspace Before GC invocations=17 (full 1):
 Metaspace       used 61471K, committed 62144K, reserved 1114112K
  class space    used 9357K, committed 9664K, reserved 1048576K
}
Event: 5594.836 {metaspace After GC invocations=18 (full 1):
 Metaspace       used 61471K, committed 62144K, reserved 1114112K
  class space    used 9357K, committed 9664K, reserved 1048576K
}
Event: 6728.412 {metaspace Before GC invocations=18 (full 1):
 Metaspace       used 61471K, committed 62144K, reserved 1114112K
  class space    used 9357K, committed 9664K, reserved 1048576K
}
Event: 6728.425 {metaspace After GC invocations=19 (full 1):
 Metaspace       used 61471K, committed 62144K, reserved 1114112K
  class space    used 9357K, committed 9664K, reserved 1048576K
}
Event: 7892.771 {metaspace Before GC invocations=19 (full 1):
 Metaspace       used 61471K, committed 62144K, reserved 1114112K
  class space    used 9357K, committed 9664K, reserved 1048576K
}
Event: 7892.790 {metaspace After GC invocations=20 (full 1):
 Metaspace       used 61471K, committed 62144K, reserved 1114112K
  class space    used 9357K, committed 9664K, reserved 1048576K
}
Event: 10869.561 {metaspace Before GC invocations=20 (full 1):
 Metaspace       used 61471K, committed 62144K, reserved 1114112K
  class space    used 9357K, committed 9664K, reserved 1048576K
}
Event: 10869.582 {metaspace After GC invocations=21 (full 1):
 Metaspace       used 61471K, committed 62144K, reserved 1114112K
  class space    used 9357K, committed 9664K, reserved 1048576K
}
Event: 12036.167 {metaspace Before GC invocations=21 (full 1):
 Metaspace       used 61474K, committed 62144K, reserved 1114112K
  class space    used 9357K, committed 9664K, reserved 1048576K
}
Event: 12039.131 {metaspace After GC invocations=22 (full 2):
 Metaspace       used 61278K, committed 62144K, reserved 1114112K
  class space    used 9304K, committed 9664K, reserved 1048576K
}
Event: 12050.668 {metaspace Before GC invocations=22 (full 2):
 Metaspace       used 61406K, committed 62144K, reserved 1114112K
  class space    used 9339K, committed 9664K, reserved 1048576K
}
Event: 12050.699 {metaspace After GC invocations=23 (full 2):
 Metaspace       used 61406K, committed 62144K, reserved 1114112K
  class space    used 9339K, committed 9664K, reserved 1048576K
}
Event: 12056.002 {metaspace Before GC invocations=23 (full 2):
 Metaspace       used 61614K, committed 62272K, reserved 1114112K
  class space    used 9369K, committed 9664K, reserved 1048576K
}

Dll operation events (11 events):
Event: 0.011 Loaded shared library C:\Program Files\Java\jdk-25.0.3\bin\java.dll
Event: 0.081 Loaded shared library C:\Program Files\Java\jdk-25.0.3\bin\zip.dll
Event: 0.083 Loaded shared library C:\Program Files\Java\jdk-25.0.3\bin\instrument.dll
Event: 0.086 Loaded shared library C:\Program Files\Java\jdk-25.0.3\bin\net.dll
Event: 0.087 Loaded shared library C:\Program Files\Java\jdk-25.0.3\bin\nio.dll
Event: 0.090 Loaded shared library C:\Program Files\Java\jdk-25.0.3\bin\zip.dll
Event: 0.110 Loaded shared library C:\Program Files\Java\jdk-25.0.3\bin\jimage.dll
Event: 0.138 Loaded shared library C:\Program Files\Java\jdk-25.0.3\bin\extnet.dll
Event: 0.139 Loaded shared library C:\Program Files\Java\jdk-25.0.3\bin\management.dll
Event: 0.156 Loaded shared library C:\Program Files\Java\jdk-25.0.3\bin\management_ext.dll
Event: 0.761 Loaded shared library C:\Program Files\Java\jdk-25.0.3\bin\sunmscapi.dll

Deoptimization events (2 events):
Event: 1.140 Thread 0x0000020d32ea7b70 DEOPT PACKING pc=0x0000020d22d7182c sp=0x000000f1735fb310
Event: 1.140 Thread 0x0000020d32ea7b70 DEOPT UNPACKING pc=0x0000020d22571702 sp=0x000000f1735fa818 mode 0

Classes loaded (20 events):
Event: 2.726 Loading class com/sun/beans/util/Cache$CacheEntry
Event: 2.726 Loading class com/sun/beans/util/Cache$CacheEntry done
Event: 3.060 Loading class com/sun/jmx/remote/util/OrderClassLoaders
Event: 3.060 Loading class com/sun/jmx/remote/util/OrderClassLoaders done
Event: 3.060 Loading class java/rmi/MarshalledObject$MarshalledObjectInputStream
Event: 3.060 Loading class java/rmi/MarshalledObject$MarshalledObjectInputStream done
Event: 860.432 Loading class java/util/concurrent/locks/AbstractQueuedSynchronizer$SharedNode
Event: 860.432 Loading class java/util/concurrent/locks/AbstractQueuedSynchronizer$SharedNode done
Event: 860.467 Loading class java/util/WeakHashMap$KeyIterator
Event: 860.468 Loading class java/util/WeakHashMap$HashIterator
Event: 860.468 Loading class java/util/WeakHashMap$HashIterator done
Event: 860.468 Loading class java/util/WeakHashMap$KeyIterator done
Event: 860.505 Loading class java/lang/ref/Finalizer$1
Event: 860.506 Loading class java/lang/ref/Finalizer$1 done
Event: 860.655 Loading class java/time/DurationEditor
Event: 860.655 Loading class java/time/DurationEditor done
Event: 12047.027 Loading class java/time/DurationEditor
Event: 12047.030 Loading class java/time/DurationEditor done
Event: 12055.812 Loading class sun/net/ConnectionResetException
Event: 12055.815 Loading class sun/net/ConnectionResetException done

Classes unloaded (20 events):
Event: 12037.289 Thread 0x0000020d2d30bcf0 Unloading class 0x00000000868eac00 'java/lang/invoke/LambdaForm$MH+0x00000000868eac00'
Event: 12037.289 Thread 0x0000020d2d30bcf0 Unloading class 0x00000000868e9c00 'java/lang/invoke/LambdaForm$MH+0x00000000868e9c00'
Event: 12037.289 Thread 0x0000020d2d30bcf0 Unloading class 0x00000000868e9400 'java/lang/invoke/LambdaForm$MH+0x00000000868e9400'
Event: 12037.289 Thread 0x0000020d2d30bcf0 Unloading class 0x0000000086465000 'java/lang/invoke/LambdaForm$MH+0x0000000086465000'
Event: 12037.290 Thread 0x0000020d2d30bcf0 Unloading class 0x0000000086464400 'java/lang/invoke/LambdaForm$MH+0x0000000086464400'
Event: 12037.290 Thread 0x0000020d2d30bcf0 Unloading class 0x0000000086456400 'java/lang/invoke/LambdaForm$MH+0x0000000086456400'
Event: 12037.290 Thread 0x0000020d2d30bcf0 Unloading class 0x0000000086456000 'java/lang/invoke/LambdaForm$MH+0x0000000086456000'
Event: 12037.290 Thread 0x0000020d2d30bcf0 Unloading class 0x0000000086454800 'java/lang/invoke/LambdaForm$MH+0x0000000086454800'
Event: 12037.291 Thread 0x0000020d2d30bcf0 Unloading class 0x0000000086449000 'java/lang/invoke/LambdaForm$MH+0x0000000086449000'
Event: 12037.291 Thread 0x0000020d2d30bcf0 Unloading class 0x000000008696a000 'org/apache/catalina/loader/JdbcLeakPrevention'
Event: 12037.291 Thread 0x0000020d2d30bcf0 Unloading class 0x0000000086405000 'java/lang/invoke/LambdaForm$MH+0x0000000086405000'
Event: 12037.291 Thread 0x0000020d2d30bcf0 Unloading class 0x00000000863e1c00 'java/lang/invoke/LambdaForm$MH+0x00000000863e1c00'
Event: 12037.291 Thread 0x0000020d2d30bcf0 Unloading class 0x00000000863e1400 'java/lang/invoke/LambdaForm$MH+0x00000000863e1400'
Event: 12037.291 Thread 0x0000020d2d30bcf0 Unloading class 0x00000000863ddc00 'java/lang/invoke/LambdaForm$MH+0x00000000863ddc00'
Event: 12037.292 Thread 0x0000020d2d30bcf0 Unloading class 0x00000000863dc800 'java/lang/invoke/LambdaForm$MH+0x00000000863dc800'
Event: 12037.292 Thread 0x0000020d2d30bcf0 Unloading class 0x00000000863cc400 'java/lang/invoke/LambdaForm$MH+0x00000000863cc400'
Event: 12037.293 Thread 0x0000020d2d30bcf0 Unloading class 0x00000000863ba800 'java/lang/invoke/LambdaForm$MH+0x00000000863ba800'
Event: 12037.294 Thread 0x0000020d2d30bcf0 Unloading class 0x0000000086170800 'java/lang/invoke/LambdaForm$MH+0x0000000086170800'
Event: 12037.295 Thread 0x0000020d2d30bcf0 Unloading class 0x00000000860c0c00 'java/lang/invoke/LambdaForm$MH+0x00000000860c0c00'
Event: 12037.295 Thread 0x0000020d2d30bcf0 Unloading class 0x0000000086040000 'java/lang/invoke/LambdaForm$MH+0x0000000086040000'

Classes redefined (0 events):
No events

Internal exceptions (20 events):
Event: 3574.938 Thread 0x0000020d34bac900 Exception <a 'java/lang/NoSuchMethodError'{0x00000007ffe4ad40}: static [Ljava/lang/StackTraceElement;.<clinit>()V> (0x00000007ffe4ad40) 
thrown [s\open\src\hotspot\share\prims\jni.cpp, line 1106]
Event: 3574.981 Thread 0x0000020d34bac900 Exception <a 'java/lang/NoSuchMethodError'{0x00000007fff02140}: static [Ljava/lang/Integer;.<clinit>()V> (0x00000007fff02140) 
thrown [s\open\src\hotspot\share\prims\jni.cpp, line 1106]
Event: 10807.465 Thread 0x0000020d324ef0a0 Exception <a 'java/lang/NoSuchMethodError'{0x00000007073e37f0}: static [Ljava/lang/StackTraceElement;.<clinit>()V> (0x00000007073e37f0) 
thrown [s\open\src\hotspot\share\prims\jni.cpp, line 1106]
Event: 10807.541 Thread 0x0000020d324ef0a0 Exception <a 'java/lang/NoSuchMethodError'{0x000000070701a5d8}: static [Ljava/lang/Integer;.<clinit>()V> (0x000000070701a5d8) 
thrown [s\open\src\hotspot\share\prims\jni.cpp, line 1106]
Event: 12036.148 Thread 0x0000020d34bab960 Exception <a 'java/lang/InterruptedException'{0x0000000707e80420}: sleep interrupted> (0x0000000707e80420) 
thrown [s\open\src\hotspot\share\prims\jvm.cpp, line 2904]
Event: 12039.748 Thread 0x0000020d324f2750 Exception <a 'sun/nio/fs/WindowsException'{0x00000007fff09950}> (0x00000007fff09950) 
thrown [s\open\src\hotspot\share\prims\jni.cpp, line 516]
Event: 12046.745 Thread 0x0000020d324f2750 Exception <a 'java/lang/NoSuchMethodError'{0x0000000707b9ab78}: 'void java.lang.invoke.DelegatingMethodHandle$Holder.reinvoke_L(java.lang.Object, java.lang.Object, int)'> (0x0000000707b9ab78) 
thrown [s\open\src\hotspot\share\interpreter\linkResolver.cpp, line 804]
Event: 12047.260 Thread 0x0000020d324f2750 Exception <a 'java/lang/NoSuchMethodError'{0x000000070724aa40}: 'int java.lang.invoke.DirectMethodHandle$Holder.invokeVirtual(java.lang.Object, java.lang.Object, java.lang.Object, java.lang.Object)'> (0x000000070724aa40) 
thrown [s\open\src\hotspot\share\interpreter\linkResolver.cpp, line 804]
Event: 12047.373 Thread 0x0000020d324f2750 Exception <a 'java/io/FileNotFoundException'{0x00000007072b36a8}> (0x00000007072b36a8) 
thrown [s\open\src\hotspot\share\prims\jni.cpp, line 516]
Event: 12047.374 Thread 0x0000020d324f2750 Exception <a 'java/io/FileNotFoundException'{0x00000007072b4960}> (0x00000007072b4960) 
thrown [s\open\src\hotspot\share\prims\jni.cpp, line 516]
Event: 12048.422 Thread 0x0000020d324f2750 Exception <a 'java/io/IOException'{0x00000007073c64f8}> (0x00000007073c64f8) 
thrown [s\open\src\hotspot\share\prims\jni.cpp, line 516]
Event: 12048.424 Thread 0x0000020d324f2750 Exception <a 'java/io/IOException'{0x00000007073c6c18}> (0x00000007073c6c18) 
thrown [s\open\src\hotspot\share\prims\jni.cpp, line 516]
Event: 12048.426 Thread 0x0000020d324f2750 Exception <a 'java/io/IOException'{0x00000007073c7328}> (0x00000007073c7328) 
thrown [s\open\src\hotspot\share\prims\jni.cpp, line 516]
Event: 12048.436 Thread 0x0000020d324f2750 Exception <a 'java/io/IOException'{0x00000007073db238}> (0x00000007073db238) 
thrown [s\open\src\hotspot\share\prims\jni.cpp, line 516]
Event: 12048.438 Thread 0x0000020d324f2750 Exception <a 'java/io/IOException'{0x00000007073dbcb0}> (0x00000007073dbcb0) 
thrown [s\open\src\hotspot\share\prims\jni.cpp, line 516]
Event: 12048.440 Thread 0x0000020d324f2750 Exception <a 'java/io/IOException'{0x00000007073dc788}> (0x00000007073dc788) 
thrown [s\open\src\hotspot\share\prims\jni.cpp, line 516]
Event: 12048.502 Thread 0x0000020d324f2750 Exception <a 'java/io/FileNotFoundException'{0x0000000707093ad8}> (0x0000000707093ad8) 
thrown [s\open\src\hotspot\share\prims\jni.cpp, line 516]
Event: 12051.022 Thread 0x0000020d324f2750 Exception <a 'java/io/IOException'{0x0000000710c1d940}> (0x0000000710c1d940) 
thrown [s\open\src\hotspot\share\prims\jni.cpp, line 516]
Event: 12055.815 Thread 0x0000020d34ba9250 Exception <a 'sun/net/ConnectionResetException'{0x0000000708351250}: Connection reset> (0x0000000708351250) 
thrown [s\open\src\hotspot\share\prims\jni.cpp, line 534]
Event: 12055.998 Thread 0x0000020d34ba6370 Exception <a 'java/lang/InterruptedException'{0x0000000708000040}: sleep interrupted> (0x0000000708000040) 
thrown [s\open\src\hotspot\share\prims\jvm.cpp, line 2904]

VM Operations (20 events):
Event: 3618.042 Executing non-safepoint VM operation: RendezvousGCThreads done
Event: 4605.680 Executing safepoint VM operation: G1CollectForAllocation (G1 Evacuation Pause)
Event: 4605.702 Executing safepoint VM operation: G1CollectForAllocation (G1 Evacuation Pause) done
Event: 5594.818 Executing safepoint VM operation: G1CollectForAllocation (G1 Evacuation Pause)
Event: 5594.836 Executing safepoint VM operation: G1CollectForAllocation (G1 Evacuation Pause) done
Event: 6728.412 Executing safepoint VM operation: G1CollectForAllocation (G1 Evacuation Pause)
Event: 6728.427 Executing safepoint VM operation: G1CollectForAllocation (G1 Evacuation Pause) done
Event: 7892.771 Executing safepoint VM operation: G1CollectForAllocation (G1 Evacuation Pause)
Event: 7892.790 Executing safepoint VM operation: G1CollectForAllocation (G1 Evacuation Pause) done
Event: 10807.959 Executing non-safepoint VM operation: HandshakeAllThreads (HandshakeForDeflation)
Event: 10807.961 Executing non-safepoint VM operation: HandshakeAllThreads (HandshakeForDeflation) done
Event: 10807.961 Executing non-safepoint VM operation: RendezvousGCThreads
Event: 10807.961 Executing non-safepoint VM operation: RendezvousGCThreads done
Event: 10869.561 Executing safepoint VM operation: G1CollectForAllocation (G1 Evacuation Pause)
Event: 10869.582 Executing safepoint VM operation: G1CollectForAllocation (G1 Evacuation Pause) done
Event: 12036.160 Executing safepoint VM operation: G1CollectFull (System.gc())
Event: 12039.132 Executing safepoint VM operation: G1CollectFull (System.gc()) done
Event: 12050.668 Executing safepoint VM operation: G1CollectForAllocation (G1 Evacuation Pause)
Event: 12050.700 Executing safepoint VM operation: G1CollectForAllocation (G1 Evacuation Pause) done
Event: 12056.002 Executing safepoint VM operation: G1CollectFull (System.gc())

Memory protections (0 events):
No events

Nmethod flushes (20 events):
Event: 2.614 Thread 0x0000020d2d30bcf0 flushing  nmethod 0x0000020d22907888
Event: 2.614 Thread 0x0000020d2d30bcf0 flushing  nmethod 0x0000020d22cc2c88
Event: 860.489 Thread 0x0000020d2d30bcf0 flushing  nmethod 0x0000020d228d4a08
Event: 860.489 Thread 0x0000020d2d30bcf0 flushing  nmethod 0x0000020d22d4f688
Event: 860.489 Thread 0x0000020d2d30bcf0 flushing  nmethod 0x0000020d22d86c88
Event: 860.489 Thread 0x0000020d2d30bcf0 flushing  nmethod 0x0000020d22dc4788
Event: 860.489 Thread 0x0000020d2d30bcf0 flushing  nmethod 0x0000020d22e2c508
Event: 860.489 Thread 0x0000020d2d30bcf0 flushing  nmethod 0x0000020d22ec7588
Event: 860.489 Thread 0x0000020d2d30bcf0 flushing  nmethod 0x0000020d22ecfa08
Event: 860.489 Thread 0x0000020d2d30bcf0 flushing  nmethod 0x0000020d22ed0208
Event: 860.489 Thread 0x0000020d2d30bcf0 flushing  nmethod 0x0000020d228d5c88
Event: 860.489 Thread 0x0000020d2d30bcf0 flushing  nmethod 0x0000020d22985b88
Event: 860.489 Thread 0x0000020d2d30bcf0 flushing  nmethod 0x0000020d22d90688
Event: 860.489 Thread 0x0000020d2d30bcf0 flushing  nmethod 0x0000020d22df9708
Event: 860.489 Thread 0x0000020d2d30bcf0 flushing  nmethod 0x0000020d22e30b08
Event: 860.489 Thread 0x0000020d2d30bcf0 flushing  nmethod 0x0000020d22e31488
Event: 860.489 Thread 0x0000020d2d30bcf0 flushing  nmethod 0x0000020d22e60c08
Event: 860.489 Thread 0x0000020d2d30bcf0 flushing  nmethod 0x0000020d22e62b08
Event: 860.489 Thread 0x0000020d2d30bcf0 flushing  nmethod 0x0000020d22ee0b08
Event: 12038.960 Thread 0x0000020d2d30bcf0 flushing  nmethod 0x0000020d22c9e008

Events (20 events):
Event: 12054.642 Thread 0x0000020d34bab960 Thread exited: 0x0000020d34bab960
Event: 12054.654 Thread 0x0000020d322213f0 Thread added: 0x0000020d32220c20
Event: 12054.938 Thread 0x0000020d3334c1c0 Thread exited: 0x0000020d3334c1c0
Event: 12054.940 Thread 0x0000020d32220c20 Thread exited: 0x0000020d32220c20
Event: 12054.942 Thread 0x0000020d33348340 Thread exited: 0x0000020d33348340
Event: 12054.942 Thread 0x0000020d2d352e30 Thread exited: 0x0000020d2d352e30
Event: 12054.942 Thread 0x0000020d2d350ef0 Thread exited: 0x0000020d2d350ef0
Event: 12054.942 Thread 0x0000020d34bab190 Thread exited: 0x0000020d34bab190
Event: 12054.942 Thread 0x0000020d2d34c0d0 Thread exited: 0x0000020d2d34c0d0
Event: 12054.942 Thread 0x0000020d2d3516c0 Thread exited: 0x0000020d2d3516c0
Event: 12054.942 Thread 0x0000020d337e5e30 Thread exited: 0x0000020d337e5e30
Event: 12054.943 Thread 0x0000020d34bac130 Thread exited: 0x0000020d34bac130
Event: 12054.943 Thread 0x0000020d34baa9c0 Thread exited: 0x0000020d34baa9c0
Event: 12054.943 Thread 0x0000020d34bac900 Thread exited: 0x0000020d34bac900
Event: 12054.943 Thread 0x0000020d2d350720 Thread exited: 0x0000020d2d350720
Event: 12054.971 Thread 0x0000020d322213f0 Thread added: 0x0000020d3221e510
Event: 12055.980 Thread 0x0000020d34ba9250 Thread exited: 0x0000020d34ba9250
Event: 12055.981 Thread 0x0000020d34ba7ae0 Thread exited: 0x0000020d34ba7ae0
Event: 12055.981 Thread 0x0000020d3221e510 Thread exited: 0x0000020d3221e510
Event: 12055.998 Thread 0x0000020d34ba6370 Thread exited: 0x0000020d34ba6370


Dynamic libraries:
0x00007ff6217a0000 - 0x00007ff6217b0000 	C:\Program Files\Java\jdk-25.0.3\bin\java.exe
0x00007ffec2060000 - 0x00007ffec22c6000 	C:\Windows\SYSTEM32\ntdll.dll
0x00007ffec0950000 - 0x00007ffec0a19000 	C:\Windows\System32\KERNEL32.DLL
0x00007ffebf2f0000 - 0x00007ffebf6ea000 	C:\Windows\System32\KERNELBASE.dll
0x00007ffebfbd0000 - 0x00007ffebfd1c000 	C:\Windows\System32\ucrtbase.dll
0x00007ffeb4e80000 - 0x00007ffeb4e97000 	C:\Program Files\Java\jdk-25.0.3\bin\jli.dll
0x00007ffec1ab0000 - 0x00007ffec1c77000 	C:\Windows\System32\USER32.dll
0x00007ffebfa20000 - 0x00007ffebfa47000 	C:\Windows\System32\win32u.dll
0x00007ffec1ce0000 - 0x00007ffec1d0b000 	C:\Windows\System32\GDI32.dll
0x00007ffe9b690000 - 0x00007ffe9b6ae000 	C:\Program Files\Java\jdk-25.0.3\bin\VCRUNTIME140.dll
0x00007ffebf8f0000 - 0x00007ffebfa1b000 	C:\Windows\System32\gdi32full.dll
0x00007ffeab720000 - 0x00007ffeab9b2000 	C:\Windows\WinSxS\amd64_microsoft.windows.common-controls_6595b64144ccf1df_6.0.26100.8521_none_3e08b75ce33403b3\COMCTL32.dll
0x00007ffebf6f0000 - 0x00007ffebf793000 	C:\Windows\System32\msvcp_win.dll
0x00007ffec13f0000 - 0x00007ffec1499000 	C:\Windows\System32\msvcrt.dll
0x00007ffec1840000 - 0x00007ffec1872000 	C:\Windows\System32\IMM32.DLL
0x00007ffeb5010000 - 0x00007ffeb501c000 	C:\Program Files\Java\jdk-25.0.3\bin\vcruntime140_1.dll
0x00007ffe7a5b0000 - 0x00007ffe7a63d000 	C:\Program Files\Java\jdk-25.0.3\bin\msvcp140.dll
0x00007ffe42ad0000 - 0x00007ffe43930000 	C:\Program Files\Java\jdk-25.0.3\bin\server\jvm.dll
0x00007ffec0a20000 - 0x00007ffec0ad6000 	C:\Windows\System32\ADVAPI32.dll
0x00007ffec0770000 - 0x00007ffec081a000 	C:\Windows\System32\sechost.dll
0x00007ffec1e70000 - 0x00007ffec1f88000 	C:\Windows\System32\RPCRT4.dll
0x00007ffec1960000 - 0x00007ffec19e0000 	C:\Windows\System32\WS2_32.dll
0x00007ffebf150000 - 0x00007ffebf1ae000 	C:\Windows\SYSTEM32\POWRPROF.dll
0x00007ffeacad0000 - 0x00007ffeacb06000 	C:\Windows\SYSTEM32\WINMM.dll
0x00007ffeb45d0000 - 0x00007ffeb45db000 	C:\Windows\SYSTEM32\VERSION.dll
0x00007ffebf130000 - 0x00007ffebf144000 	C:\Windows\SYSTEM32\UMPDC.dll
0x00007ffebe080000 - 0x00007ffebe09b000 	C:\Windows\SYSTEM32\kernel.appcore.dll
0x00007ffeb0f10000 - 0x00007ffeb0f1a000 	C:\Program Files\Java\jdk-25.0.3\bin\jimage.dll
0x00007ffebc9d0000 - 0x00007ffebcc12000 	C:\Windows\SYSTEM32\DBGHELP.DLL
0x00007ffec14b0000 - 0x00007ffec1833000 	C:\Windows\System32\combase.dll
0x00007ffec1880000 - 0x00007ffec1959000 	C:\Windows\System32\OLEAUT32.dll
0x00007ffeb7c50000 - 0x00007ffeb7c8b000 	C:\Windows\SYSTEM32\dbgcore.DLL
0x00007ffebfd20000 - 0x00007ffebfdc8000 	C:\Windows\System32\bcryptPrimitives.dll
0x00007ffea3c80000 - 0x00007ffea3c90000 	C:\Program Files\Java\jdk-25.0.3\bin\instrument.dll
0x00007ffe8f530000 - 0x00007ffe8f54f000 	C:\Program Files\Java\jdk-25.0.3\bin\java.dll
0x00007ffebfdd0000 - 0x00007ffebff68000 	C:\Windows\System32\ole32.dll
0x00007ffebff70000 - 0x00007ffec06f4000 	C:\Windows\System32\SHELL32.dll
0x00007ffebcec0000 - 0x00007ffebd740000 	C:\Windows\SYSTEM32\windows.storage.dll
0x00007ffec0ae0000 - 0x00007ffec0bd6000 	C:\Windows\System32\SHCORE.dll
0x00007ffec0700000 - 0x00007ffec0767000 	C:\Windows\System32\shlwapi.dll
0x00007ffebf210000 - 0x00007ffebf239000 	C:\Windows\SYSTEM32\profapi.dll
0x00007ffe8f510000 - 0x00007ffe8f527000 	C:\Program Files\Java\jdk-25.0.3\bin\zip.dll
0x00007ffe8be50000 - 0x00007ffe8be62000 	C:\Program Files\Java\jdk-25.0.3\bin\net.dll
0x00007ffebe5f0000 - 0x00007ffebe65c000 	C:\Windows\system32\mswsock.dll
0x00007ffe8be30000 - 0x00007ffe8be46000 	C:\Program Files\Java\jdk-25.0.3\bin\nio.dll
0x00007ffebdb60000 - 0x00007ffebdcaa000 	C:\Windows\SYSTEM32\DNSAPI.dll
0x00007ffebe410000 - 0x00007ffebe41d000 	C:\Windows\SYSTEM32\DSPARSE.dll
0x00007ffebdac0000 - 0x00007ffebdaf3000 	C:\Windows\SYSTEM32\IPHLPAPI.DLL
0x00007ffec2010000 - 0x00007ffec201a000 	C:\Windows\System32\NSI.dll
0x00007ffeb45e0000 - 0x00007ffeb45eb000 	C:\Windows\System32\rasadhlp.dll
0x00007ffeb6660000 - 0x00007ffeb66e6000 	C:\Windows\System32\fwpuclnt.dll
0x00007ffe8f3e0000 - 0x00007ffe8f3e9000 	C:\Program Files\Java\jdk-25.0.3\bin\extnet.dll
0x00007ffe917b0000 - 0x00007ffe917ba000 	C:\Program Files\Java\jdk-25.0.3\bin\management.dll
0x00007ffe8f500000 - 0x00007ffe8f50c000 	C:\Program Files\Java\jdk-25.0.3\bin\management_ext.dll
0x00007ffec0820000 - 0x00007ffec0828000 	C:\Windows\System32\PSAPI.DLL
0x00007ffebe8d0000 - 0x00007ffebe8eb000 	C:\Windows\SYSTEM32\CRYPTSP.dll
0x00007ffebdfe0000 - 0x00007ffebe019000 	C:\Windows\system32\rsaenh.dll
0x00007ffebe6a0000 - 0x00007ffebe6d3000 	C:\Windows\SYSTEM32\USERENV.dll
0x00007ffebf1e0000 - 0x00007ffebf20a000 	C:\Windows\SYSTEM32\bcrypt.dll
0x00007ffebe8f0000 - 0x00007ffebe8fc000 	C:\Windows\SYSTEM32\CRYPTBASE.dll
0x00007ffe78320000 - 0x00007ffe78338000 	C:\Windows\system32\napinsp.dll
0x00007ffe78300000 - 0x00007ffe78313000 	C:\Windows\System32\winrnr.dll
0x00007ffe782d0000 - 0x00007ffe782f2000 	C:\Windows\system32\nlansp_c.dll
0x00007ffeb3cc0000 - 0x00007ffeb3cd6000 	C:\Windows\system32\wshbth.dll
0x00007ffea8930000 - 0x00007ffea8986000 	C:\Windows\SYSTEM32\pdh.dll
0x00007ffe8c870000 - 0x00007ffe8c87e000 	C:\Program Files\Java\jdk-25.0.3\bin\sunmscapi.dll
0x00007ffebfa50000 - 0x00007ffebfbc8000 	C:\Windows\System32\CRYPT32.dll
0x00007ffebeaf0000 - 0x00007ffebeb20000 	C:\Windows\SYSTEM32\ncrypt.dll
0x00007ffebeaa0000 - 0x00007ffebeadf000 	C:\Windows\SYSTEM32\NTASN1.dll
0x00007ffe94050000 - 0x00007ffe94058000 	C:\Windows\system32\wshunix.dll
0x00007ffe96a90000 - 0x00007ffe96aa2000 	C:\Windows\System32\perfproc.dll

JVMTI agents:
C:\Users\MSI-PC\AppData\Local\Programs\IntelliJ IDEA Community Edition\lib\idea_rt.jar path:C:\Program Files\Java\jdk-25.0.3\bin\instrument.dll, loaded, initialized, instrumentlib options:54799

dbghelp: loaded successfully - version: 4.0.5 - missing functions: none
symbol engine: initialized successfully - sym options: 0x614 - pdb path: .;C:\Program Files\Java\jdk-25.0.3\bin;C:\Windows\SYSTEM32;C:\Windows\WinSxS\amd64_microsoft.windows.common-controls_6595b64144ccf1df_6.0.26100.8521_none_3e08b75ce33403b3;C:\Program Files\Java\jdk-25.0.3\bin\server

VM Arguments:
jvm_args: -XX:TieredStopAtLevel=1 -Dspring.output.ansi.enabled=always -Dcom.sun.management.jmxremote -Dspring.jmx.enabled=true -Dspring.liveBeansView.mbeanDomain -Dspring.application.admin.enabled=true -Dmanagement.endpoints.jmx.exposure.include=* -javaagent:C:\Users\MSI-PC\AppData\Local\Programs\IntelliJ IDEA Community Edition\lib\idea_rt.jar=54799 -Dfile.encoding=UTF-8 -Dsun.stdout.encoding=UTF-8 -Dsun.stderr.encoding=UTF-8 
java_command: co.istad.roth.ecommerce.Ite3rdEcommerceApplication
java_class_path (initial): D:\ITE-3rd\Java\ite-3rd-ecommerce\build\classes\java\main;D:\ITE-3rd\Java\ite-3rd-ecommerce\build\resources\main;C:\Users\MSI-PC\.gradle\caches\modules-2\files-2.1\org.projectlombok\lombok\1.18.46\a5cfe99fdf320e84955ef653f2ce1bf789d11385\lombok-1.18.46.jar;C:\Users\MSI-PC\.gradle\caches\modules-2\files-2.1\org.springframework.boot\spring-boot-starter-data-jpa\4.0.6\7ae183d29edb5b8583685ea71021105eafc99ad9\spring-boot-starter-data-jpa-4.0.6.jar;C:\Users\MSI-PC\.gradle\caches\modules-2\files-2.1\org.springframework.boot\spring-boot-starter-webmvc\4.0.6\a7ac55e4eb7cf4d2931557135f90870003641290\spring-boot-starter-webmvc-4.0.6.jar;C:\Users\MSI-PC\.gradle\caches\modules-2\files-2.1\org.springframework.boot\spring-boot-starter-jdbc\4.0.6\134232052dcbf089ff52e37aea3ae81c9448c746\spring-boot-starter-jdbc-4.0.6.jar;C:\Users\MSI-PC\.gradle\caches\modules-2\files-2.1\org.springframework.boot\spring-boot-starter\4.0.6\589f058443a5ca53cf38253fa05aa69dd0e87e0e\spring-boot-starter-4.0.6.jar;C:\Users\MSI-PC\.gradle\caches\modules-2\files-2.1\org.springframework.boot\spring-boot-data-jpa\4.0.6\e4f73ed89d180378acdad704b1b88d8cfd191862\spring-boot-data-jpa-4.0.6.jar;C:\Users\MSI-PC\.gradle\caches\modules-2\files-2.1\org.springframework.boot\spring-boot-jdbc\4.0.6\fd649f51a6cef57b011167676f67ccfd51901932\spring-boot-jdbc-4.0.6.jar;C:\Users\MSI-PC\.gradle\caches\modules-2\files-2.1\org.springframework.boot\spring-boot-starter-jackson\4.0.6\38895733cded8ac4007d7ee028e3bf1f718514f1\spring-boot-starter-jackson-4.0.6.jar;C:\Users\MSI-PC\.gradle\caches\modules-2\files-2.1\org.springframework.boot\spring-boot-starter-tomcat\4.0.6\b646e4b063dacdf5079efcfa685c4a8803ff4ac1\spring-boot-starter-tomcat-4.0.6.jar;C:\Users\MSI-PC\.gradle\caches\modules-2\files-2.1\org.springframework.boot\spring-boot-http-converter\4.0.6\2e880be042b7543e6767d99a8f5777d41e92be93\spring-boot-http-converter-4.0.6.jar;C:\Users\MSI-PC\.gradle\caches\modules-2\files-2.1\org.springframework.boot\spring-boot-webmvc\4.0.6\2a5877540d8f8bd4df5071d1848fc0a30384117b\spring-boot-webmvc-4.0.6.jar;C:\Users\MSI-PC\.gradle\caches\modules-2\files-2.1\com.zaxxer\HikariCP\7.0.2\c2b43c946b86a14a96342379e22b004c56c6166d\HikariCP-7.0.2.jar;C:\Users\MSI-PC\.gradle\caches\modules-2\files-2.1\org.springframework.boot\spring-boot-starter-logging\4.0.6\eb85ce7bf1c9bdc660a267d9cb481470609bac30\spring-boot-starter-logging-4.0.6.jar;C:\Users\MSI-PC\.gradle\caches\modules-2\files-2.1\org.springframework.boot\spring-boot-autoconfigure\4.0.6\95db07bd446a6bc10e791a1502a0c542a81872d1\spring-boot-autoconfigure-4.0.6.jar;C:\Users\MSI-PC\.gradle\caches\modules-2\files-2.1\jakarta.annotation\jakarta.annotation-api\3.0.0\54f928fadec906a99d558536756d171917b9d936\jakarta.annotation-api-3.0.0.jar;C:\Users\MSI-PC\.gradle\caches\modules-2\files-2.1\org.yaml\snakeyaml\2.5\2d53ddec134280cb384c1e35d094e5f71c1f2316\snakeyaml-2.5.jar;C:\Users\MSI-PC\.gradle\caches\modules-2\files-2.1\org.springframework.boot\spring-boot-hibernate\4.0.6\1583369af62ba1e587e6f82c8c95dff5694e63b\spring-boot-hibernate-4.0.6.jar;C:\Users\MSI-PC\.gradle\caches\modules-2\files-2.1\org.springframework.data\spring-data-jpa\4.0.5\fbb375863a4deb4df21b803756b97b767e18559a\spring-data-jpa-4.0.5.jar;C:\Users\MSI-PC\.gradle\caches\modules-2\files-2.1\org.springframework.boot\spring-boot-data-commons\4.0.6\4702c0e63d5164330fbaef7a5e55d0d173cc3ab9\spring-boot-data-commons-4.0.6.jar;C:\Users\MSI-PC\.gradle\caches\modules-2\files-2.1\org.springframework\spring-aspects\7.0.7\e507bc50ddca9ee54c37191f9c96e5f491459d3c\spring-aspects-7.0.7.jar;C:\Users\MSI-PC\.gradle\caches\modules-2\files-2.1\org.springframework.boot\spring-boot-sql\4.0.6\2526bc5a53f0ca3c029a4c02a1360a25c9e226d4\spring-boot-sql-4.0.6.jar;C:\Users\MSI-PC\.gradle\caches\modules-2\files-2.1\org.springframework.boot\spring-boot-transaction\4.0.6\c7ebf15df555b5e8895e936609b1afa0ba2c1264\spring-boot-transaction-4.0.6.jar;C:\Users\MSI-PC\.gradle\caches\modules-2\files-2.1\org.springframework.boot\spring-boot\4.0.6\5bcc4d77a2ff7d18274f2394b5eea1d658e46305\spring-boot-4.0.6.jar;C:\Users\MSI-PC\.gradle\caches\modules-2\files-2.1\org.springframework\spring-jdbc\7.0.7\7369c7cc321b649f291c6222e5982d75878845c5\spring-jdbc-7.0.7.jar;C:\Users\MSI-PC\.gradle\caches\modules-2\files-2.1\org.springframework.boot\spring-boot-jackson\4.0.6\506bcf91451a44789dd5d9ef1855d524069140ef\spring-boot-jackson-4.0.6.jar;C:\Users\MSI-PC\.gradle\caches\modules-2\files-2.1\org.springframework.boot\spring-boot-starter-tomcat-runtime\4.0.6\93cb616795ce25f7fd58ef3d1dcc8c3ed2d82578\spring-boot-starter-tomcat-runtime-4.0.6.jar;C:\Users\MSI-PC\.gradle\caches\modules-2\files-2.1\org.springframework.boot\spring-boot-tomcat\4.0.6\46bcbbdd2bddd2a6932bbdcf9ac2d943a83f0629\spring-boot-tomcat-4.0.6.jar;C:\Users\MSI-PC\.gradle\caches\modules-2\files-2.1\org.springframework\spring-web\7.0.7\8c6ba7dd1ef6a3d9246b08885185806426daa7ec\spring-web-7.0.7.jar;C:\Users\MSI-PC\.gradle\caches\modules-2\files-2.1\org.springframework.boot\spring-boot-servlet\4.0.6\8a1d703662d560a7826c61a908f5307e795cb370\spring-boot-servlet-4.0.6.jar;C:\Users\MSI-PC\.gradle\caches\modules-2\files-2.1\org.springframework\spring-webmvc\7.0.7\5d7758ed288cda1eacae4b96defb9eed3a7e561d\spring-webmvc-7.0.7.jar;C:\Users\MSI-PC\.gradle\caches\modules-2\files-2.1\org.slf4j\slf4j-api\2.0.17\d9e58ac9c7779ba3bf8142aff6c830617a7fe60f\slf4j-api-2.0.17.jar;C:\Users\MSI-PC\.gradle\caches\modules-2\files-2.1\ch.qos.logback\logback-classic\1.5.32\2b1042c50f508f2eb402bd4d22ccbdf94cc37d2e\logback-classic-1.5.32.jar;C:\Users\MSI-PC\.gradle\caches\modules-2\files-2.1\org.apache.logging.log4j\log4j-to-slf4j\2.25.4\68df56640a5d245192e91bd2ac89e504b477cc10\log4j-to-slf4j-2.25.4.jar;C:\Users\MSI-PC\.gradle\caches\modules-2\files-2.1\org.slf4j\jul-to-slf4j\2.0.17\524cb6ccc2b68a57604750e1ab8b13b5a786a6aa\jul-to-slf4j-2.0.17.jar;C:\Users\MSI-PC\.gradle\caches\modules-2\files-2.1\org.springframework.boot\spring-boot-jpa\4.0.6\2298c83f9e4473998fe1c695d42f3fcc161f6eb3\spring-boot-jpa-4.0.6.jar;C:\Users\MSI-PC\.gradle\caches\modules-2\files-2.1\org.springframework\spring-orm\7.0.7\c5f883ce3bf4407a8c86751e3fa3a2fac4482626\spring-orm-7.0.7.jar;C:\Users\MSI-PC\.gradle\caches\modules-2\files-2.1\org.hibernate.orm\hibernate-core\7.2.12.Final\9e10d41a4cd7fbb045cb978676dffe23a0adf1e0\hibernate-core-7.2.12.Final.jar;C:\Users\MSI-PC\.gradle\caches\modules-2\files-2.1\org.springframework.data\spring-data-commons\4.0.5\eed2c7272ba1b13456124949a2bdcbd035ab1154\spring-data-commons-4.0.5.jar;C:\Users\MSI-PC\.gradle\caches\modules-2\files-2.1\org.springframework\spring-context\7.0.7\bd71294ceaa815abcdbbf5e116c9382103845139\spring-context-7.0.7.jar;C:\Users\MSI-PC\.gradle\caches\modules-2\files-2.1\org.springframework\spring-aop\7.0.7\21045648cc638653fb872da3b3fdd50b1cb7b370\spring-aop-7.0.7.jar;C:\Users\MSI-PC\.gradle\caches\modules-2\files-2.1\org.springframework\spring-tx\7.0.7\c398a2ab7706e16c90be33ff9eaafcb2872d73bf\spring-tx-7.0.7.jar;C:\Users\MSI-PC\.gradle\caches\modules-2\files-2.1\org.springframework\spring-beans\7.0.7\1278f23233223c480880b62234c96fb3545ba104\spring-beans-7.0.7.jar;C:\Users\MSI-PC\.gradle\caches\modules-2\files-2.1\org.springframework\spring-core\7.0.7\4f85340fd463031cd93a0629a0323bb467ae51aa\spring-core-7.0.7.jar;C:\Users\MSI-PC\.gradle\caches\modules-2\files-2.1\org.antlr\antlr4-runtime\4.13.2\fc3db6d844df652a3d5db31c87fa12757f13691d\antlr4-runtime-4.13.2.jar;C:\Users\MSI-PC\.gradle\caches\modules-2\files-2.1\org.springframework.boot\spring-boot-persistence\4.0.6\43caab2de2aeaf4a7ae9aa5c5e049722697c06a2\spring-boot-persistence-4.0.6.jar;C:\Users\MSI-PC\.gradle\caches\modules-2\files-2.1\org.aspectj\aspectjweaver\1.9.25.1\a713c790da4d794c7dfb542b550d4e44898d5e23\aspectjweaver-1.9.25.1.jar;C:\Users\MSI-PC\.gradle\caches\modules-2\files-2.1\tools.jackson.core\jackson-databind\3.1.2\2550e04829fc14566ddab7b9564ba886a9c6a532\jackson-databind-3.1.2.jar;C:\Users\MSI-PC\.gradle\caches\modules-2\files-2.1\org.springframework.boot\spring-boot-web-server\4.0.6\8a087bc97418b3082fe402b3241260180fa7133e\spring-boot-web-server-4.0.6.jar;C:\Users\MSI-PC\.gradle\caches\modules-2\files-2.1\org.apache.tomcat.embed\tomcat-embed-websocket\11.0.21\abed2f9a4a8d7e8b8dfe492b1c6e58ea73825db\tomcat-embed-websocket-11.0.21.jar;C:\Users\MSI-PC\.gradle\caches\modules-2\files-2.1\org.apache.tomcat.embed\tomcat-embed-core\11.0.21\6d53989fe9f9416eb1295a9c53c7b6fb8e3c04bb\tomcat-embed-core-11.0.21.jar;C:\Users\MSI-PC\.gradle\caches\modules-2\files-2.1\org.apache.tomcat.embed\tomcat-embed-el\11.0.21\ab5200daf4fac467fa0e73598cdc10de6ce1c139\tomcat-embed-el-11.0.21.jar;C:\Users\MSI-PC\.gradle\caches\modules-2\files-2.1\io.micrometer\micrometer-observation\1.16.5\9dff48a7a9dd84d9083e30a36855bb21a7d6836e\micrometer-observation-1.16.5.jar;C:\Users\MSI-PC\.gradle\caches\modules-2\files-2.1\org.springframework\spring-expression\7.0.7\90c3dc3174244786c33eb3a2be8c5006cfc7389b\spring-expression-7.0.7.jar;C:\Users\MSI-PC\.gradle\caches\modules-2\files-2.1\ch.qos.logback\logback-core\1.5.32\fdfb3ff9a842303d4a95207294a6c6bc64e2605d\logback-core-1.5.32.jar;C:\Users\MSI-PC\.gradle\caches\modules-2\files-2.1\org.apache.logging.log4j\log4j-api\2.25.4\89ff2217b193fb187b134aa6ebcbfa8a28b018a9\log4j-api-2.25.4.jar;C:\Users\MSI-PC\.gradle\caches\modules-2\files-2.1\org.jspecify\jspecify\1.0.0\7425a601c1c7ec76645a78d22b8c6a627edee507\jspecify-1.0.0.jar;C:\Users\MSI-PC\.gradle\caches\modules-2\files-2.1\biz.aQute.bnd\biz.aQute.bnd.annotation\7.1.0\2f2be18c936d08cf46ea6cfa0043f34afdf38705\biz.aQute.bnd.annotation-7.1.0.jar;C:\Users\MSI-PC\.gradle\caches\modules-2\files-2.1\com.google.errorprone\error_prone_annotations\2.38.0\fc0ae991433e8590ba51cd558421478318a74c8c\error_prone_annotations-2.38.0.jar;C:\Users\MSI-PC\.gradle\caches\modules-2\files-2.1\org.osgi\org.osgi.annotation.bundle\2.0.0\f5c2cd6e670c3c5d440d3003efd5ef2ead5c68eb\org.osgi.annotation.bundle-2.0.0.jar;C:\Users\MSI-PC\.gradle\caches\modules-2\files-2.1\org.osgi\org.osgi.annotation.versioning\1.1.2\dc3cd4ec96c0b3c5459fe00694bd73a816ecf93e\org.osgi.annotation.versioning-1.1.2.jar;C:\Users\MSI-PC\.gradle\caches\modules-2\files-2.1\jakarta.persistence\jakarta.persistence-api\3.2.0\bb75a113f3fa191c2c7ee7b206d8e674251b3129\jakarta.persistence-api-3.2.0.jar;C:\Users\MSI-PC\.gradle\caches\modules-2\files-2.1\jakarta.transaction\jakarta.transaction-api\2.0.1\51a520e3fae406abb84e2e1148e6746ce3f80a1a\jakarta.transaction-api-2.0.1.jar;C:\Users\MSI-PC\.gradle\caches\modules-2\files-2.1\commons-logging\commons-logging\1.3.6\63e78ca6cd446c0ad166d14f03ed99e7efb3896d\commons-logging-1.3.6.jar;C:\Users\MSI-PC\.gradle\caches\modules-2\files-2.1\tools.jackson.core\jackson-core\3.1.2\d0da2e67ffb0b7cf5aba0436b315aa3eb3eb37ca\jackson-core-3.1.2.jar;C:\Users\MSI-PC\.gradle\caches\modules-2\files-2.1\com.fasterxml.jackson.core\jackson-annotations\2.21\b1bc1868bf02dc0bd6c7836257a036a331005309\jackson-annotations-2.21.jar;C:\Users\MSI-PC\.gradle\caches\modules-2\files-2.1\io.micrometer\micrometer-commons\1.16.5\f8c25a4e35d5049d41d8446b111b9891ae407881\micrometer-commons-1.16.5.jar;C:\Users\MSI-PC\.gradle\caches\modules-2\files-2.1\org.osgi\org.osgi.resource\1.0.0\343c88949132984b3f2d4175a72c40b77dc65619\org.osgi.resource-1.0.0.jar;C:\Users\MSI-PC\.gradle\caches\modules-2\files-2.1\org.osgi\org.osgi.service.serviceloader\1.0.0\3728ff37909c6a3c1870b3e851342d9f2bd3cc63\org.osgi.service.serviceloader-1.0.0.jar;C:\Users\MSI-PC\.gradle\caches\modules-2\files-2.1\org.springframework.boot\spring-boot-devtools\4.0.6\2f45ebafbfc961cf55d4aa4a49bc1637bd6d0d2\spring-boot-devtools-4.0.6.jar;C:\Users\MSI-PC\.gradle\caches\modules-2\files-2.1\org.postgresql\postgresql\42.7.10\35100a3f0899551e27af8fed4a3414619a4663b3\postgresql-42.7.10.jar;C:\Users\MSI-PC\.gradle\caches\modules-2\files-2.1\org.checkerframework\checker-qual\3.52.0\9c17f496846ab1fca8975c6a50ceac0b3bbe63f0\checker-qual-3.52.0.jar;C:\Users\MSI-PC\.gradle\caches\modules-2\files-2.1\org.hibernate.models\hibernate-models\1.0.1\3158c5f9309494b905de62c72f6f02d108aea651\hibernate-models-1.0.1.jar;C:\Users\MSI-PC\.gradle\caches\modules-2\files-2.1\org.jboss.logging\jboss-logging\3.6.3.Final\1cc9f976725720bb4a66f80af3e3aa6b9890d969\jboss-logging-3.6.3.Final.jar;C:\Users\MSI-PC\.gradle\caches\modules-2\files-2.1\com.fasterxml\classmate\1.7.3\f61c7e7b81e9249b0f6a05914eff9d54fb09f4a0\classmate-1.7.3.jar;C:\Users\MSI-PC\.gradle\caches\modules-2\files-2.1\net.bytebuddy\byte-buddy\1.17.8\af5735f63d00ca47a9375fae5c7471a36331c6ed\byte-buddy-1.17.8.jar;C:\Users\MSI-PC\.gradle\caches\modules-2\files-2.1\org.glassfish.jaxb\jaxb-runtime\4.0.6\fb95ebb62564657b2fedfe165b859789ef3a8711\jaxb-runtime-4.0.6.jar;C:\Users\MSI-PC\.gradle\caches\modules-2\files-2.1\jakarta.xml.bind\jakarta.xml.bind-api\4.0.4\d6d2327f3817d9a33a3b6b8f2e15a96bc2e7afdc\jakarta.xml.bind-api-4.0.4.jar;C:\Users\MSI-PC\.gradle\caches\modules-2\files-2.1\jakarta.inject\jakarta.inject-api\2.0.1\4c28afe1991a941d7702fe1362c365f0a8641d1e\jakarta.inject-api-2.0.1.jar;C:\Users\MSI-PC\.gradle\caches\modules-2\files-2.1\org.glassfish.jaxb\jaxb-core\4.0.6\8e61282303777fc98a00cc3affd0560d68748a75\jaxb-core-4.0.6.jar;C:\Users\MSI-PC\.gradle\caches\modules-2\files-2.1\jakarta.activation\jakarta.activation-api\2.1.4\9e5c2a0d75dde71a0bedc4dbdbe47b78a5dc50f8\jakarta.activation-api-2.1.4.jar;C:\Users\MSI-PC\.gradle\caches\modules-2\files-2.1\org.eclipse.angus\angus-activation\2.0.3\7f80607ea5014fef0b1779e6c33d63a88a45a563\angus-activation-2.0.3.jar;C:\Users\MSI-PC\.gradle\caches\modules-2\files-2.1\org.glassfish.jaxb\txw2\4.0.6\4f4cd53b5ff9a2c5aa1211f15ed2569c57dfb044\txw2-4.0.6.jar;C:\Users\MSI-PC\.gradle\caches\modules-2\files-2.1\com.sun.istack\istack-commons-runtime\4.1.2\18ec117c85f3ba0ac65409136afa8e42bc74e739\istack-commons-runtime-4.1.2.jar
Launcher Type: SUN_STANDARD

[Global flags]
     intx CICompilerCount                          = 12                                        {product} {ergonomic}
     uint ConcGCThreads                            = 3                                         {product} {ergonomic}
     uint G1ConcRefinementThreads                  = 13                                        {product} {ergonomic}
   size_t G1HeapRegionSize                         = 2097152                                   {product} {ergonomic}
   size_t InitialHeapSize                          = 264241152                                 {product} {ergonomic}
     bool ManagementServer                         = true                                      {product} {command line}
   size_t MarkStackSize                            = 4194304                                   {product} {ergonomic}
   size_t MarkStackSizeMax                         = 536870912                                 {product} {ergonomic}
   size_t MaxHeapSize                              = 4217372672                                {product} {ergonomic}
   size_t MaxNewSize                               = 2529165312                                {product} {ergonomic}
   size_t MinHeapDeltaBytes                        = 2097152                                   {product} {ergonomic}
   size_t MinHeapSize                              = 8388608                                   {product} {ergonomic}
    uintx NonNMethodCodeHeapSize                   = 4096                                   {pd product} {ergonomic}
    uintx NonProfiledCodeHeapSize                  = 0                                      {pd product} {ergonomic}
     bool ProfileInterpreter                       = false                                  {pd product} {command line}
    uintx ProfiledCodeHeapSize                     = 0                                      {pd product} {ergonomic}
   size_t SoftMaxHeapSize                          = 4217372672                             {manageable} {ergonomic}
     intx TieredStopAtLevel                        = 1                                         {product} {command line}
     bool UseCompressedOops                        = true                           {product lp64_product} {ergonomic}
     bool UseG1GC                                  = true                                      {product} {ergonomic}
     bool UseLargePagesIndividualAllocation        = false                                  {pd product} {ergonomic}

Logging:
Log output configuration:
 #0: stdout all=warning uptime,level,tags foldmultilines=false
 #1: stderr all=off uptime,level,tags foldmultilines=false

Release file:
<release file has not been read>
Environment Variables:
JAVA_HOME=C:\Program Files\Java\jdk-25.0.3
PATH=C:\Program Files (x86)\Common Files\Intel\Shared Libraries\redist\intel64\compiler;C:\Windows\system32;C:\Windows;C:\Windows\System32\Wbem;C:\Windows\System32\WindowsPowerShell\v1.0\;C:\Windows\System32\OpenSSH\;C:\Program Files\dotnet\;C:\Program Files\Git\cmd;C:\wamp64\bin\php\php8.3.28;C:\ProgramData\ComposerSetup\bin;C:\flutter\bin;C:\Program Files\Microsoft SQL Server\170\Tools\Binn\;C:\Program Files (x86)\Windows Kits\10\Windows Performance Toolkit\;C:\Program Files\nodejs\;C:\Program Files\Docker\Docker\resources\bin;C:\Program Files\PuTTY\;C:\Users\MSI-PC\AppData\Local\Android\sdk\emulator;C:\Users\MSI-PC\AppData\Local\Android\sdk\platform-tools;C:\Users\MSI-PC\AppData\Local\Programs\Microsoft VS Code\bin;C:\Users\MSI-PC\AppData\Local\Python\bin;C:\Users\MSI-PC\AppData\Roaming\Composer\vendor\bin;C:\Program Files\Java\jdk-25.0.3\bin;
USERNAME=postgres
OS=Windows_NT
PROCESSOR_IDENTIFIER=Intel64 Family 6 Model 186 Stepping 2, GenuineIntel
TMP=C:\Users\MSI-PC\AppData\Local\Temp
TEMP=C:\Users\MSI-PC\AppData\Local\Temp




Compilation memory statistics disabled.

Periodic native trim disabled

---------------  S Y S T E M  ---------------

OS:
 Windows 11 , 64 bit Build 26100 (10.0.26100.8521)
OS uptime: 2 days 5:10 hours
Hyper-V role detected

CPU: total 16 (initial active 16) (8 cores per cpu, 2 threads per core) family 6 model 186 stepping 2 microcode 0x410e, cx8, cmov, fxsr, ht, mmx, 3dnowpref, sse, sse2, sse3, ssse3, sse4.1, sse4.2, popcnt, lzcnt, tsc, tscinvbit, avx, avx2, aes, erms, clmul, bmi1, bmi2, adx, sha, fma, vzeroupper, clflush, clflushopt, clwb, hv, serialize, rdtscp, rdpid, fsrm, gfni, f16c, cet_ibt, cet_ss
Processor Information for processor 0
  Max Mhz: 2400, Current Mhz: 2400, Mhz Limit: 2400
Processor Information for processor 1
  Max Mhz: 2400, Current Mhz: 2400, Mhz Limit: 2400
Processor Information for processor 2
  Max Mhz: 2400, Current Mhz: 2400, Mhz Limit: 2400
Processor Information for processor 3
  Max Mhz: 2400, Current Mhz: 2400, Mhz Limit: 2400
Processor Information for processor 4
  Max Mhz: 2400, Current Mhz: 2400, Mhz Limit: 2400
Processor Information for processor 5
  Max Mhz: 2400, Current Mhz: 2400, Mhz Limit: 2400
Processor Information for processor 6
  Max Mhz: 2400, Current Mhz: 2400, Mhz Limit: 2400
Processor Information for processor 7
  Max Mhz: 2400, Current Mhz: 2400, Mhz Limit: 2400
Processor Information for processor 8
  Max Mhz: 2400, Current Mhz: 2400, Mhz Limit: 2400
Processor Information for processor 9
  Max Mhz: 2400, Current Mhz: 2400, Mhz Limit: 2400
Processor Information for processor 10
  Max Mhz: 2400, Current Mhz: 2400, Mhz Limit: 2400
Processor Information for processor 11
  Max Mhz: 2400, Current Mhz: 2400, Mhz Limit: 2400
Processor Information for processor 12
  Max Mhz: 2400, Current Mhz: 2400, Mhz Limit: 2400
Processor Information for processor 13
  Max Mhz: 2400, Current Mhz: 1466, Mhz Limit: 2400
Processor Information for processor 14
  Max Mhz: 2400, Current Mhz: 2400, Mhz Limit: 2400
Processor Information for processor 15
  Max Mhz: 2400, Current Mhz: 1466, Mhz Limit: 2400

Memory: 4k page, system-wide physical 16087M (553M free)
TotalPageFile size 65239M (AvailPageFile size 61M)
current process WorkingSet (physical memory assigned to process): 208M, peak: 227M
current process commit charge ("private bytes"): 285M, peak: 395M

vm_info: Java HotSpot(TM) 64-Bit Server VM (25.0.3+9-LTS-195) for windows-amd64 JRE (25.0.3+9-LTS-195), built on 2026-03-11T00:20:00Z with MS VC++ 17.13 (VS2022)

END.
